\BOOKMARK [1][-]{section.1}{\376\377\000I\000n\000t\000r\000o\000d\000u\000c\000t\000i\000o\000n}{}% 1
\BOOKMARK [2][-]{subsection.1.1}{\376\377\000R\000a\000n\000d\000o\000m\000i\000z\000e\000d\000\040\000L\000o\000w\000-\000R\000a\000n\000k\000\040\000A\000p\000p\000r\000o\000x\000i\000m\000a\000t\000i\000o\000n}{section.1}% 2
\BOOKMARK [2][-]{subsection.1.2}{\376\377\000R\000e\000s\000e\000a\000r\000c\000h\000\040\000Q\000u\000e\000s\000t\000i\000o\000n\000s}{section.1}% 3
\BOOKMARK [2][-]{subsection.1.3}{\376\377\000C\000o\000n\000t\000r\000i\000b\000u\000t\000i\000o\000n\000s}{section.1}% 4
\BOOKMARK [1][-]{section.2}{\376\377\000B\000a\000c\000k\000g\000r\000o\000u\000n\000d\000\040\000a\000n\000d\000\040\000T\000h\000e\000o\000r\000y}{}% 5
\BOOKMARK [2][-]{subsection.2.1}{\376\377\000T\000h\000e\000\040\000R\000a\000n\000d\000o\000m\000i\000z\000e\000d\000\040\000S\000V\000D\000\040\000A\000l\000g\000o\000r\000i\000t\000h\000m}{section.2}% 6
\BOOKMARK [2][-]{subsection.2.2}{\376\377\000S\000k\000e\000t\000c\000h\000i\000n\000g\000\040\000M\000a\000t\000r\000i\000c\000e\000s}{section.2}% 7
\BOOKMARK [3][-]{subsubsection.2.2.1}{\376\377\000G\000a\000u\000s\000s\000i\000a\000n\000\040\000R\000a\000n\000d\000o\000m\000\040\000M\000a\000t\000r\000i\000c\000e\000s}{subsection.2.2}% 8
\BOOKMARK [3][-]{subsubsection.2.2.2}{\376\377\000S\000u\000b\000s\000a\000m\000p\000l\000e\000d\000\040\000R\000a\000n\000d\000o\000m\000i\000z\000e\000d\000\040\000F\000o\000u\000r\000i\000e\000r\000\040\000T\000r\000a\000n\000s\000f\000o\000r\000m\000\040\000\050\000S\000R\000F\000T\000\051}{subsection.2.2}% 9
\BOOKMARK [3][-]{subsubsection.2.2.3}{\376\377\000S\000u\000b\000s\000a\000m\000p\000l\000e\000d\000\040\000R\000a\000n\000d\000o\000m\000i\000z\000e\000d\000\040\000H\000a\000d\000a\000m\000a\000r\000d\000\040\000T\000r\000a\000n\000s\000f\000o\000r\000m\000\040\000\050\000S\000R\000H\000T\000\051}{subsection.2.2}% 10
\BOOKMARK [3][-]{subsubsection.2.2.4}{\376\377\000C\000o\000u\000n\000t\000S\000k\000e\000t\000c\000h\000\040\000\050\000S\000p\000a\000r\000s\000e\000\040\000E\000m\000b\000e\000d\000d\000i\000n\000g\000s\000\051}{subsection.2.2}% 11
\BOOKMARK [2][-]{subsection.2.3}{\376\377\000A\000c\000c\000u\000r\000a\000c\000y\000\040\000G\000u\000a\000r\000a\000n\000t\000e\000e\000s}{section.2}% 12
\BOOKMARK [2][-]{subsection.2.4}{\376\377\000C\000o\000m\000p\000l\000e\000x\000i\000t\000y\000\040\000S\000u\000m\000m\000a\000r\000y}{section.2}% 13
\BOOKMARK [1][-]{section.3}{\376\377\000I\000m\000p\000l\000e\000m\000e\000n\000t\000a\000t\000i\000o\000n}{}% 14
\BOOKMARK [2][-]{subsection.3.1}{\376\377\000R\000e\000p\000o\000s\000i\000t\000o\000r\000y\000\040\000S\000t\000r\000u\000c\000t\000u\000r\000e}{section.3}% 15
\BOOKMARK [2][-]{subsection.3.2}{\376\377\000O\000p\000t\000i\000m\000i\000z\000e\000d\000\040\000I\000m\000p\000l\000e\000m\000e\000n\000t\000a\000t\000i\000o\000n\000s}{section.3}% 16
\BOOKMARK [2][-]{subsection.3.3}{\376\377\000N\000a\000i\000v\000e\000\040\000P\000u\000r\000e\000-\000P\000y\000t\000h\000o\000n\000\040\000I\000m\000p\000l\000e\000m\000e\000n\000t\000a\000t\000i\000o\000n\000s}{section.3}% 17
\BOOKMARK [1][-]{section.4}{\376\377\000E\000x\000p\000e\000r\000i\000m\000e\000n\000t\000a\000l\000\040\000S\000e\000t\000u\000p}{}% 18
\BOOKMARK [2][-]{subsection.4.1}{\376\377\000T\000e\000s\000t\000\040\000M\000a\000t\000r\000i\000c\000e\000s}{section.4}% 19
\BOOKMARK [2][-]{subsection.4.2}{\376\377\000P\000a\000r\000a\000m\000e\000t\000e\000r\000s}{section.4}% 20
\BOOKMARK [2][-]{subsection.4.3}{\376\377\000M\000e\000t\000r\000i\000c\000s}{section.4}% 21
\BOOKMARK [2][-]{subsection.4.4}{\376\377\000H\000a\000r\000d\000w\000a\000r\000e}{section.4}% 22
\BOOKMARK [1][-]{section.5}{\376\377\000S\000p\000e\000e\000d\000\040\000E\000x\000p\000e\000r\000i\000m\000e\000n\000t\000s}{}% 23
\BOOKMARK [2][-]{subsection.5.1}{\376\377\000D\000e\000n\000s\000e\000\040\000M\000a\000t\000r\000i\000c\000e\000s\000:\000\040\000O\000p\000t\000i\000m\000i\000z\000e\000d\000\040\000I\000m\000p\000l\000e\000m\000e\000n\000t\000a\000t\000i\000o\000n\000s}{section.5}% 24
\BOOKMARK [2][-]{subsection.5.2}{\376\377\000D\000e\000n\000s\000e\000\040\000M\000a\000t\000r\000i\000c\000e\000s\000:\000\040\000P\000u\000r\000e\000-\000P\000y\000t\000h\000o\000n\000\040\000\050\000A\000l\000g\000o\000r\000i\000t\000h\000m\000i\000c\000\051\000\040\000C\000o\000m\000p\000a\000r\000i\000s\000o\000n}{section.5}% 25
\BOOKMARK [2][-]{subsection.5.3}{\376\377\000S\000p\000a\000r\000s\000e\000\040\000M\000a\000t\000r\000i\000c\000e\000s\000:\000\040\000C\000o\000u\000n\000t\000S\000k\000e\000t\000c\000h}{section.5}% 26
\BOOKMARK [1][-]{section.6}{\376\377\000A\000c\000c\000u\000r\000a\000c\000y\000\040\000E\000x\000p\000e\000r\000i\000m\000e\000n\000t\000s}{}% 27
\BOOKMARK [2][-]{subsection.6.1}{\376\377\000S\000k\000e\000t\000c\000h\000i\000n\000g\000\040\000M\000e\000t\000h\000o\000d\000\040\000C\000o\000m\000p\000a\000r\000i\000s\000o\000n}{section.6}% 28
\BOOKMARK [2][-]{subsection.6.2}{\376\377\000E\000f\000f\000e\000c\000t\000\040\000o\000f\000\040\000P\000o\000w\000e\000r\000\040\000I\000t\000e\000r\000a\000t\000i\000o\000n\000s}{section.6}% 29
\BOOKMARK [2][-]{subsection.6.3}{\376\377\000E\000f\000f\000e\000c\000t\000\040\000o\000f\000\040\000O\000v\000e\000r\000s\000a\000m\000p\000l\000i\000n\000g}{section.6}% 30
\BOOKMARK [2][-]{subsection.6.4}{\376\377\000S\000p\000a\000r\000s\000e\000\040\000E\000m\000b\000e\000d\000d\000i\000n\000g\000s\000\040\000A\000c\000c\000u\000r\000a\000c\000y}{section.6}% 31
\BOOKMARK [1][-]{section.7}{\376\377\000D\000i\000s\000c\000u\000s\000s\000i\000o\000n}{}% 32
\BOOKMARK [2][-]{subsection.7.1}{\376\377\000T\000h\000e\000o\000r\000y\000\040\000v\000s\000.\000\040\000P\000r\000a\000c\000t\000i\000c\000e}{section.7}% 33
\BOOKMARK [2][-]{subsection.7.2}{\376\377\000P\000r\000a\000c\000t\000i\000c\000a\000l\000\040\000R\000e\000c\000o\000m\000m\000e\000n\000d\000a\000t\000i\000o\000n\000s}{section.7}% 34
\BOOKMARK [2][-]{subsection.7.3}{\376\377\000A\000c\000h\000i\000e\000v\000i\000n\000g\000\040\000O\000\050\000m\000n\000\040\000k\000\051\000\040\000C\000o\000m\000p\000l\000e\000x\000i\000t\000y}{section.7}% 35
\BOOKMARK [1][-]{section.8}{\376\377\000C\000o\000n\000c\000l\000u\000s\000i\000o\000n}{}% 36
